2026-07-03 14:26:42,437 - INFO - Found 5 updaters. Starting execution...

2026-07-03 14:26:42,437 - INFO - ========================================
2026-07-03 14:26:42,438 - INFO - [RUNNING] github-updater...
2026-07-03 14:26:43,881 - INFO - [SUCCESS] github-updater
2026-07-03 14:26:43,882 - INFO - ----------------------------------------
2026-07-03 14:26:43,888 - INFO - [RUNNING] instagram-updater...
2026-07-03 14:26:53,202 - INFO - [SUCCESS] instagram-updater
2026-07-03 14:26:53,203 - INFO - ----------------------------------------
2026-07-03 14:26:53,203 - INFO - [RUNNING] leetcode-updater...
2026-07-03 14:26:54,381 - INFO - [SUCCESS] leetcode-updater
2026-07-03 14:26:54,382 - INFO - ----------------------------------------
2026-07-03 14:26:54,382 - INFO - [RUNNING] linkedin-updater...
2026-07-03 14:26:54,482 - ERROR - [FAILED] linkedin-updater
2026-07-03 14:26:54,482 - ERROR - Error Output:
Traceback (most recent call last):
  File "E:\Yug Storage\Desktop\Yug Study\Programming\Personnel\Updators GitHub Action\linkedin-updater\update.py", line 5, in <module>
    from linkedin_scraper import LinkedInScraper
  File "E:\Yug Storage\Desktop\Yug Study\Programming\Personnel\Updators GitHub Action\linkedin-updater\linkedin_scraper.py", line 3, in <module>
    from linkedin_api import Linkedin
ModuleNotFoundError: No module named 'linkedin_api'

2026-07-03 14:26:54,482 - INFO - ----------------------------------------
2026-07-03 14:26:54,482 - INFO - [RUNNING] youtube-updater...
2026-07-03 14:27:01,499 - INFO - [SUCCESS] youtube-updater
2026-07-03 14:27:01,501 - INFO - ----------------------------------------
2026-07-03 14:27:01,501 - INFO - 
[COMPLETE] 4 succeeded, 1 failed.
2026-07-03 14:27:18,439 - INFO - Found 5 updaters. Starting execution...

2026-07-03 14:27:18,439 - INFO - ========================================
2026-07-03 14:27:18,441 - INFO - [RUNNING] github-updater...
2026-07-03 14:27:19,107 - INFO - [SUCCESS] github-updater
2026-07-03 14:27:19,108 - INFO - ----------------------------------------
2026-07-03 14:27:19,108 - INFO - [RUNNING] instagram-updater...
2026-07-03 14:27:29,167 - INFO - [SUCCESS] instagram-updater
2026-07-03 14:27:29,171 - INFO - ----------------------------------------
2026-07-03 14:27:29,171 - INFO - [RUNNING] leetcode-updater...
2026-07-03 14:27:29,841 - INFO - [SUCCESS] leetcode-updater
2026-07-03 14:27:29,843 - INFO - ----------------------------------------
2026-07-03 14:27:29,843 - INFO - [RUNNING] linkedin-updater...
2026-07-03 14:27:29,945 - ERROR - [FAILED] linkedin-updater
2026-07-03 14:27:29,945 - ERROR - Error Output:
Traceback (most recent call last):
  File "E:\Yug Storage\Desktop\Yug Study\Programming\Personnel\Updators GitHub Action\linkedin-updater\update.py", line 5, in <module>
    from linkedin_scraper import LinkedInScraper
  File "E:\Yug Storage\Desktop\Yug Study\Programming\Personnel\Updators GitHub Action\linkedin-updater\linkedin_scraper.py", line 3, in <module>
    from linkedin_api import Linkedin
ModuleNotFoundError: No module named 'linkedin_api'

2026-07-03 14:27:29,945 - INFO - ----------------------------------------
2026-07-03 14:27:29,945 - INFO - [RUNNING] youtube-updater...
2026-07-03 14:27:36,770 - INFO - [SUCCESS] youtube-updater
2026-07-03 14:27:36,770 - INFO - ----------------------------------------
2026-07-03 14:27:36,770 - INFO - 
[COMPLETE] 4 succeeded, 1 failed.
2026-07-03 14:30:13,625 - INFO - ==================================================
2026-07-03 14:30:13,626 - INFO - NEW EXECUTION SESSION STARTED
2026-07-03 14:30:13,626 - INFO - ==================================================
2026-07-03 14:30:13,626 - INFO - Found 5 updaters. Starting execution...
2026-07-03 14:30:13,626 - INFO - ----------------------------------------
2026-07-03 14:30:13,626 - INFO - [RUNNING] github-updater...
2026-07-03 14:30:14,878 - INFO - [SUCCESS] github-updater
2026-07-03 14:30:14,881 - INFO - ----------------------------------------
2026-07-03 14:30:14,881 - INFO - [RUNNING] instagram-updater...
2026-07-03 14:30:24,295 - INFO - [SUCCESS] instagram-updater
2026-07-03 14:30:24,295 - INFO - ----------------------------------------
2026-07-03 14:30:24,295 - INFO - [RUNNING] leetcode-updater...
2026-07-03 14:30:25,723 - INFO - [SUCCESS] leetcode-updater
2026-07-03 14:30:25,723 - INFO - ----------------------------------------
2026-07-03 14:30:25,723 - INFO - [RUNNING] linkedin-updater...
2026-07-03 14:30:25,851 - INFO - [SUCCESS] linkedin-updater
2026-07-03 14:30:25,851 - INFO - ----------------------------------------
2026-07-03 14:30:25,851 - INFO - [RUNNING] youtube-updater...
2026-07-03 14:30:33,010 - INFO - [SUCCESS] youtube-updater
2026-07-03 14:30:33,010 - INFO - ----------------------------------------
2026-07-03 14:30:33,010 - INFO - [COMPLETE] 5 succeeded, 0 failed.

==================================================
=== NEW EXECUTION SESSION STARTED ===
==================================================
2026-07-03 14:39:30,973 - INFO - Found 5 updaters. Starting execution...
2026-07-03 14:39:30,973 - INFO - ----------------------------------------
2026-07-03 14:39:30,973 - INFO - [RUNNING] github-updater...
2026-07-03 14:39:32,298 - INFO - [SUCCESS] github-updater
2026-07-03 14:39:32,298 - INFO - ----------------------------------------
2026-07-03 14:39:32,299 - INFO - [RUNNING] instagram-updater...
2026-07-03 14:39:32,764 - ERROR - [FAILED] instagram-updater
2026-07-03 14:39:32,764 - ERROR - Error Output:
Traceback (most recent call last):
  File "E:\Yug Storage\Desktop\Yug Study\Programming\Personnel\Updators GitHub Action\instagram-updater\update.py", line 5, in <module>
    from instagram import InstagramScraper
  File "E:\Yug Storage\Desktop\Yug Study\Programming\Personnel\Updators GitHub Action\instagram-updater\instagram.py", line 5, in <module>
    from utils import parse_number
ImportError: cannot import name 'parse_number' from 'utils' (E:\Yug Storage\Desktop\Yug Study\Programming\Personnel\Updators GitHub Action\instagram-updater\utils.py)

2026-07-03 14:39:32,764 - INFO - ----------------------------------------
2026-07-03 14:39:32,765 - INFO - [RUNNING] leetcode-updater...
2026-07-03 14:39:33,492 - INFO - [SUCCESS] leetcode-updater
2026-07-03 14:39:33,492 - INFO - ----------------------------------------
2026-07-03 14:39:33,492 - INFO - [RUNNING] linkedin-updater...
2026-07-03 14:39:33,631 - INFO - [SUCCESS] linkedin-updater
2026-07-03 14:39:33,631 - INFO - ----------------------------------------
2026-07-03 14:39:33,631 - INFO - [RUNNING] youtube-updater...
2026-07-03 14:39:34,123 - ERROR - [FAILED] youtube-updater
2026-07-03 14:39:34,123 - ERROR - Error Output:
Traceback (most recent call last):
  File "E:\Yug Storage\Desktop\Yug Study\Programming\Personnel\Updators GitHub Action\youtube-updater\update.py", line 5, in <module>
    from youtube import YouTubeScraper
  File "E:\Yug Storage\Desktop\Yug Study\Programming\Personnel\Updators GitHub Action\youtube-updater\youtube.py", line 8, in <module>
    from utils import parse_number, retry_with_backoff, logger
ImportError: cannot import name 'parse_number' from 'utils' (E:\Yug Storage\Desktop\Yug Study\Programming\Personnel\Updators GitHub Action\youtube-updater\utils.py)

2026-07-03 14:39:34,123 - INFO - ----------------------------------------
2026-07-03 14:39:34,123 - INFO - [COMPLETE] 3 succeeded, 2 failed.

==================================================
=== NEW EXECUTION SESSION STARTED ===
==================================================
2026-07-03 14:40:04,364 - INFO - Found 5 updaters. Starting execution...
2026-07-03 14:40:04,364 - INFO - ----------------------------------------
2026-07-03 14:40:04,364 - INFO - [RUNNING] github-updater...
2026-07-03 14:40:04,941 - INFO - [SUCCESS] github-updater
2026-07-03 14:40:04,941 - INFO - ----------------------------------------
2026-07-03 14:40:04,941 - INFO - [RUNNING] instagram-updater...
2026-07-03 14:40:14,423 - INFO - [SUCCESS] instagram-updater
2026-07-03 14:40:14,423 - INFO - ----------------------------------------
2026-07-03 14:40:14,423 - INFO - [RUNNING] leetcode-updater...
2026-07-03 14:40:15,132 - INFO - [SUCCESS] leetcode-updater
2026-07-03 14:40:15,132 - INFO - ----------------------------------------
2026-07-03 14:40:15,132 - INFO - [RUNNING] linkedin-updater...
2026-07-03 14:40:15,258 - INFO - [SUCCESS] linkedin-updater
2026-07-03 14:40:15,258 - INFO - ----------------------------------------
2026-07-03 14:40:15,260 - INFO - [RUNNING] youtube-updater...
2026-07-03 14:40:22,689 - INFO - [SUCCESS] youtube-updater
2026-07-03 14:40:22,689 - INFO - ----------------------------------------
2026-07-03 14:40:22,689 - INFO - [COMPLETE] 5 succeeded, 0 failed.
