2026-07-03 14:26:54,899 - INFO - Loading creator...
2026-07-03 14:26:54,899 - INFO - Opening channel...
2026-07-03 14:26:54,900 - INFO - Extracting stats...
2026-07-03 14:27:01,428 - INFO - Writing JSON...
2026-07-03 14:27:01,428 - INFO - Completed.
2026-07-03 14:27:30,349 - INFO - Loading creator...
2026-07-03 14:27:30,349 - INFO - Opening channel...
2026-07-03 14:27:30,356 - INFO - Extracting stats...
2026-07-03 14:27:36,703 - INFO - Writing JSON...
2026-07-03 14:27:36,705 - INFO - Completed.
2026-07-03 14:30:26,256 - INFO - Loading creator...
2026-07-03 14:30:26,256 - INFO - Opening channel...
2026-07-03 14:30:26,256 - INFO - Extracting stats...
2026-07-03 14:30:32,944 - INFO - Writing JSON...
2026-07-03 14:30:32,945 - INFO - Completed.

==================================================
=== NEW UPDATER SESSION ===
==================================================

==================================================
=== NEW UPDATER SESSION ===
==================================================
2026-07-03 14:40:15,658 - INFO - Loading creator...
2026-07-03 14:40:15,658 - INFO - Opening channel...
2026-07-03 14:40:15,658 - INFO - Extracting stats...
2026-07-03 14:40:22,577 - INFO - Writing JSON...
2026-07-03 14:40:22,578 - INFO - Completed.

==================================================
=== NEW UPDATER SESSION ===
==================================================
2026-07-03 09:28:16,615 - INFO - Loading creator...
2026-07-03 09:28:16,615 - INFO - Opening channel...
2026-07-03 09:28:16,615 - INFO - Extracting stats...
2026-07-03 09:28:21,785 - INFO - Writing JSON...
2026-07-03 09:28:21,786 - INFO - Completed.
