
==================================================
=== NEW UPDATER SESSION ===
==================================================
2026-07-03 11:17:48,292 - INFO - Extracting stats for HelloYug...
2026-07-03 11:17:48,692 - INFO - Successfully scraped HelloYug
2026-07-03 11:17:48,692 - INFO - Writing JSON...
2026-07-03 11:17:48,692 - INFO - Completed.

==================================================
=== NEW UPDATER SESSION ===
==================================================
2026-07-05 03:59:47,287 - INFO - Extracting stats for HelloYug...
2026-07-05 03:59:47,857 - INFO - Successfully scraped HelloYug
2026-07-05 03:59:47,857 - INFO - Writing JSON...
2026-07-05 03:59:47,858 - INFO - Completed.

==================================================
=== NEW UPDATER SESSION ===
==================================================
2026-07-08 06:42:01,261 - INFO - Extracting stats for HelloYug...
2026-07-08 06:42:01,888 - INFO - Successfully scraped HelloYug
2026-07-08 06:42:01,888 - INFO - Writing JSON...
2026-07-08 06:42:01,888 - INFO - Completed.

==================================================
=== NEW UPDATER SESSION ===
==================================================
2026-07-12 03:30:06,634 - INFO - Extracting stats for HelloYug...
2026-07-12 03:30:07,116 - INFO - Successfully scraped HelloYug
2026-07-12 03:30:07,116 - INFO - Writing JSON...
2026-07-12 03:30:07,116 - INFO - Completed.

==================================================
=== NEW UPDATER SESSION ===
==================================================
2026-07-19 03:26:07,063 - INFO - Extracting stats for HelloYug...
2026-07-19 03:26:07,759 - INFO - Successfully scraped HelloYug
2026-07-19 03:26:07,759 - INFO - Writing JSON...
2026-07-19 03:26:07,759 - INFO - Completed.
