2026-07-03 14:26:53,436 - INFO - Extracting stats for YugAgarwal704...
2026-07-03 14:26:54,338 - INFO - Successfully scraped YugAgarwal704
2026-07-03 14:26:54,338 - INFO - Writing JSON...
2026-07-03 14:26:54,339 - INFO - Completed.
2026-07-03 14:27:29,420 - INFO - Extracting stats for YugAgarwal704...
2026-07-03 14:27:29,784 - INFO - Successfully scraped YugAgarwal704
2026-07-03 14:27:29,791 - INFO - Writing JSON...
2026-07-03 14:27:29,794 - INFO - Completed.
2026-07-03 14:30:24,558 - INFO - Extracting stats for YugAgarwal704...
2026-07-03 14:30:25,673 - INFO - Successfully scraped YugAgarwal704
2026-07-03 14:30:25,675 - INFO - Writing JSON...
2026-07-03 14:30:25,677 - INFO - Completed.

==================================================
=== NEW UPDATER SESSION ===
==================================================
2026-07-03 14:39:33,041 - INFO - Extracting stats for YugAgarwal704...
2026-07-03 14:39:33,441 - INFO - Successfully scraped YugAgarwal704
2026-07-03 14:39:33,441 - INFO - Writing JSON...
2026-07-03 14:39:33,443 - INFO - Completed.

==================================================
=== NEW UPDATER SESSION ===
==================================================
2026-07-03 14:40:14,687 - INFO - Extracting stats for YugAgarwal704...
2026-07-03 14:40:15,090 - INFO - Successfully scraped YugAgarwal704
2026-07-03 14:40:15,090 - INFO - Writing JSON...
2026-07-03 14:40:15,090 - INFO - Completed.
